<?xml version="1.0" encoding="UTF-8"?>
<!-- Generated by org.testng.reporters.JUnitXMLReporter -->
<testsuite hostname="DESKTOP-7HJ7J4N" name="Default test" tests="10" failures="0" timestamp="10 Apr 2018 19:19:34 GMT" time="0.084" errors="0">
  <testcase name="testError2MinDifference" time="0.014" classname="online.orion.orion.TestClass"/>
  <testcase name="testError3MinDifference" time="0.003" classname="online.orion.orion.TestClass"/>
  <testcase name="testError4MinDifference" time="0.003" classname="online.orion.orion.TestClass"/>
  <testcase name="testErrorMinDifference" time="0.001" classname="online.orion.orion.TestClass"/>
  <testcase name="testErrorMinDifference" time="0.001" classname="online.orion.orion.TestClass"/>
  <testcase name="testErrorMinDifference" time="0.004" classname="online.orion.orion.TestClass"/>
  <testcase name="testMinDifference" time="0.004" classname="online.orion.orion.TestClass"/>
  <testcase name="testMinDifference" time="0.001" classname="online.orion.orion.TestClass"/>
  <testcase name="testMinDifference" time="0.002" classname="online.orion.orion.TestClass"/>
  <testcase name="testMinDifference" time="0.001" classname="online.orion.orion.TestClass"/>
</testsuite> <!-- Default test -->
